TN:
SF:src\api\erreurs.ts
FN:3,constructor
FN:9,estAnnulation
FNF:2
FNH:2
FNDA:8,constructor
FNDA:7,estAnnulation
DA:4,8
DA:5,8
DA:10,7
LF:3
LH:3
BRDA:10,0,0,7
BRDA:10,0,1,2
BRF:2
BRH:2
end_of_record
TN:
SF:src\api\geocodage.ts
FN:18,geocoderAdresse
FN:64,extraireFeature
FN:74,extraireCoordonnees
FN:84,extraireLibelle
FNF:4
FNH:4
FNDA:10,geocoderAdresse
FNDA:3,extraireFeature
FNDA:1,extraireCoordonnees
FNDA:1,extraireLibelle
DA:4,4
DA:7,4
DA:22,10
DA:23,10
DA:24,3
DA:27,7
DA:28,7
DA:29,7
DA:32,7
DA:33,7
DA:35,3
DA:36,2
DA:41,4
DA:42,1
DA:47,3
DA:48,3
DA:49,3
DA:50,2
DA:53,1
DA:54,1
DA:55,0
DA:58,1
DA:65,3
DA:66,3
DA:67,3
DA:68,1
DA:69,1
DA:75,1
DA:76,1
DA:77,1
DA:78,1
DA:79,1
DA:80,1
DA:81,1
DA:85,1
DA:86,1
DA:87,1
DA:88,1
LF:38
LH:37
BRDA:23,0,0,3
BRDA:23,0,1,7
BRDA:23,1,0,10
BRDA:23,1,1,9
BRDA:35,2,0,1
BRDA:35,2,1,2
BRDA:41,3,0,1
BRDA:41,3,1,3
BRDA:49,4,0,2
BRDA:49,4,1,1
BRDA:54,5,0,0
BRDA:54,5,1,1
BRDA:60,6,0,1
BRDA:60,6,1,0
BRDA:65,7,0,0
BRDA:65,7,1,3
BRDA:65,8,0,3
BRDA:65,8,1,3
BRDA:67,9,0,2
BRDA:67,9,1,1
BRDA:67,10,0,3
BRDA:67,10,1,2
BRDA:69,11,0,1
BRDA:69,11,1,0
BRDA:69,12,0,1
BRDA:69,12,1,1
BRDA:76,13,0,0
BRDA:76,13,1,1
BRDA:76,14,0,1
BRDA:76,14,1,1
BRDA:78,15,0,0
BRDA:78,15,1,1
BRDA:78,16,0,1
BRDA:78,16,1,1
BRDA:80,17,0,0
BRDA:80,17,1,1
BRDA:80,18,0,1
BRDA:80,18,1,1
BRDA:86,19,0,0
BRDA:86,19,1,1
BRDA:86,20,0,1
BRDA:86,20,1,1
BRDA:88,21,0,1
BRDA:88,21,1,0
BRF:44
BRH:35
end_of_record
TN:
SF:src\api\prixCarburants.ts
FN:27,rechercherStationsAutourDe
FN:72,recupererStationParId
FNF:2
FNH:2
FNDA:6,rechercherStationsAutourDe
FNDA:3,recupererStationParId
DA:7,5
DA:31,6
DA:32,6
DA:36,6
DA:37,6
DA:38,1
DA:39,1
DA:43,6
DA:44,6
DA:46,2
DA:47,1
DA:53,4
DA:54,1
DA:59,3
DA:61,3
DA:65,6
DA:76,3
DA:78,3
DA:79,3
DA:82,3
DA:83,3
DA:85,0
DA:86,0
DA:91,3
DA:92,1
DA:97,2
DA:99,2
DA:103,3
DA:104,3
LF:29
LH:27
BRDA:36,0,0,6
BRDA:36,0,1,5
BRDA:37,1,0,1
BRDA:37,1,1,5
BRDA:46,2,0,1
BRDA:46,2,1,1
BRDA:53,3,0,1
BRDA:53,3,1,3
BRDA:61,4,0,2
BRDA:61,4,1,1
BRDA:61,5,0,3
BRDA:61,5,1,3
BRDA:61,5,2,3
BRDA:85,6,0,0
BRDA:85,6,1,0
BRDA:91,7,0,1
BRDA:91,7,1,2
BRDA:99,8,0,2
BRDA:99,8,1,0
BRDA:99,9,0,2
BRDA:99,9,1,2
BRDA:99,9,2,2
BRDA:104,10,0,3
BRDA:104,10,1,1
BRF:24
BRH:21
end_of_record
TN:
SF:src\components\MiseEnPage.tsx
FN:10,MiseEnPage
FN:45,(anonymous_1)
FNF:2
FNH:2
FNDA:9,MiseEnPage
FNDA:1,(anonymous_1)
DA:7,1
DA:8,1
DA:11,9
DA:13,9
DA:45,1
LF:5
LH:5
BRDA:42,0,0,1
BRDA:42,0,1,8
BRDA:43,1,0,1
BRDA:43,1,1,8
BRF:4
BRH:4
end_of_record
TN:
SF:src\components\StationCarte.tsx
FN:12,StationCarte
FN:33,(anonymous_1)
FNF:2
FNH:2
FNDA:11,StationCarte
FNDA:3,(anonymous_1)
DA:13,11
DA:15,11
DA:34,3
LF:3
LH:3
BRDA:22,0,0,11
BRDA:22,0,1,8
BRDA:24,1,0,1
BRDA:24,1,1,10
BRDA:31,2,0,3
BRDA:31,2,1,8
BRDA:46,3,0,0
BRDA:46,3,1,11
BRDA:49,4,0,0
BRDA:49,4,1,11
BRDA:53,5,0,0
BRDA:53,5,1,11
BRDA:59,6,0,0
BRDA:59,6,1,0
BRDA:61,7,0,0
BRDA:61,7,1,0
BRF:16
BRH:9
end_of_record
TN:
SF:src\components\etats\EtatChargement.tsx
FN:3,EtatChargement
FNF:1
FNH:1
FNDA:2,EtatChargement
DA:1,3
DA:4,2
LF:2
LH:2
BRF:0
BRH:0
end_of_record
TN:
SF:src\components\etats\EtatErreur.tsx
FN:9,EtatErreur
FNF:1
FNH:1
FNDA:3,EtatErreur
DA:10,3
LF:1
LH:1
BRF:0
BRH:0
end_of_record
TN:
SF:src\components\etats\EtatInitial.tsx
FN:3,EtatInitial
FNF:1
FNH:1
FNDA:28,EtatInitial
DA:4,28
LF:1
LH:1
BRF:0
BRH:0
end_of_record
TN:
SF:src\components\etats\EtatSucces.tsx
FN:14,EtatSucces
FN:32,(anonymous_1)
FN:59,calculerRentabilitePourStation
FN:69,(anonymous_3)
FN:70,(anonymous_4)
FNF:5
FNH:3
FNDA:3,EtatSucces
FNDA:7,(anonymous_1)
FNDA:7,calculerRentabilitePourStation
FNDA:0,(anonymous_3)
FNDA:0,(anonymous_4)
DA:21,3
DA:23,3
DA:33,7
DA:34,7
DA:66,7
DA:67,0
DA:69,0
DA:70,7
DA:71,7
DA:73,0
DA:75,0
LF:11
LH:7
BRDA:28,0,0,3
BRDA:28,0,1,0
BRDA:29,1,0,3
BRDA:29,1,1,0
BRDA:33,2,0,7
BRDA:33,2,1,0
BRDA:40,3,0,0
BRDA:40,3,1,7
BRDA:66,4,0,7
BRDA:66,4,1,0
BRDA:66,5,0,7
BRDA:66,5,1,0
BRDA:67,6,0,0
BRDA:67,6,1,0
BRDA:67,7,0,0
BRDA:67,7,1,0
BRDA:71,8,0,0
BRDA:71,8,1,7
BRDA:71,9,0,7
BRDA:71,9,1,0
BRF:20
BRH:8
end_of_record
TN:
SF:src\components\etats\EtatVide.tsx
FN:8,EtatVide
FNF:1
FNH:1
FNDA:3,EtatVide
DA:9,3
LF:1
LH:1
BRF:0
BRH:0
end_of_record
TN:
SF:src\domain\distance.ts
FN:6,calculerDistanceKm
FN:24,versRadians
FNF:2
FNH:2
FNDA:22,calculerDistanceKm
FNDA:88,versRadians
DA:3,6
DA:7,22
DA:8,22
DA:10,22
DA:11,22
DA:14,22
DA:20,22
DA:21,22
DA:25,88
LF:9
LH:9
BRF:0
BRH:0
end_of_record
TN:
SF:src\domain\normalisation.ts
FN:12,normaliserStation
FN:30,normaliserListeStations
FN:39,isObjet
FN:43,normaliserId
FN:49,normaliserChaine
FN:54,normaliserChaineOptionnelle
FN:59,normaliserNombre
FN:79,normaliserCoordonnees
FN:88,normaliserCoordonneesDepuisGeom
FN:98,normaliserCoordonneesDepuisColonnesEchelonnees
FN:125,normaliserPrix
FN:141,normaliserRupture
FN:153,normaliserHoraires
FN:186,formaterHeure
FN:192,derniereMiseAJour
FN:194,(anonymous_15)
FN:195,(anonymous_16)
FN:199,(anonymous_17)
FNF:18
FNH:18
FNDA:36,normaliserStation
FNDA:9,normaliserListeStations
FNDA:92,isObjet
FNDA:36,normaliserId
FNDA:36,normaliserChaine
FNDA:107,normaliserChaineOptionnelle
FNDA:288,normaliserNombre
FNDA:36,normaliserCoordonnees
FNDA:36,normaliserCoordonneesDepuisGeom
FNDA:33,normaliserCoordonneesDepuisColonnesEchelonnees
FNDA:36,normaliserPrix
FNDA:36,normaliserRupture
FNDA:36,normaliserHoraires
FNDA:12,formaterHeure
FNDA:36,derniereMiseAJour
FNDA:16,(anonymous_15)
FNDA:16,(anonymous_16)
FNDA:8,(anonymous_17)
DA:10,6
DA:13,36
DA:14,36
DA:16,36
DA:31,9
DA:32,3
DA:34,6
DA:40,92
DA:44,36
DA:45,30
DA:46,27
DA:50,36
DA:51,31
DA:55,107
DA:56,75
DA:60,288
DA:61,256
DA:62,8
DA:63,8
DA:65,250
DA:77,6
DA:82,36
DA:83,36
DA:85,33
DA:91,36
DA:92,3
DA:93,3
DA:94,3
DA:95,3
DA:102,33
DA:103,33
DA:104,33
DA:106,7
DA:107,7
DA:113,7
DA:114,4
DA:117,3
DA:126,36
DA:127,36
DA:129,216
DA:130,216
DA:131,16
DA:132,16
DA:134,36
DA:142,36
DA:143,36
DA:145,216
DA:146,216
DA:147,6
DA:150,36
DA:154,36
DA:157,7
DA:158,7
DA:160,1
DA:163,6
DA:164,6
DA:165,6
DA:167,4
DA:168,4
DA:169,8
DA:170,7
DA:171,7
DA:173,6
DA:175,8
DA:182,4
DA:187,12
DA:188,12
DA:189,4
DA:193,36
DA:194,16
DA:195,16
DA:197,36
DA:199,6
DA:200,8
LF:74
LH:74
BRDA:13,0,0,31
BRDA:13,0,1,5
BRDA:20,1,0,36
BRDA:20,1,1,32
BRDA:31,2,0,3
BRDA:31,2,1,6
BRDA:40,3,0,92
BRDA:40,3,1,53
BRDA:40,3,2,50
BRDA:44,4,0,6
BRDA:44,4,1,30
BRDA:44,5,0,36
BRDA:44,5,1,7
BRDA:45,6,0,3
BRDA:45,6,1,27
BRDA:45,7,0,30
BRDA:45,7,1,3
BRDA:50,8,0,5
BRDA:50,8,1,31
BRDA:50,9,0,36
BRDA:50,9,1,5
BRDA:55,10,0,32
BRDA:55,10,1,75
BRDA:55,11,0,107
BRDA:55,11,1,32
BRDA:60,12,0,32
BRDA:60,12,1,256
BRDA:60,13,0,288
BRDA:60,13,1,32
BRDA:61,14,0,8
BRDA:61,14,1,248
BRDA:61,15,0,256
BRDA:61,15,1,8
BRDA:63,16,0,6
BRDA:63,16,1,2
BRDA:83,17,0,3
BRDA:83,17,1,33
BRDA:91,18,0,33
BRDA:91,18,1,3
BRDA:94,19,0,0
BRDA:94,19,1,3
BRDA:94,20,0,3
BRDA:94,20,1,3
BRDA:104,21,0,26
BRDA:104,21,1,7
BRDA:104,22,0,33
BRDA:104,22,1,8
BRDA:113,23,0,4
BRDA:113,23,1,3
BRDA:113,24,0,7
BRDA:113,24,1,4
BRDA:130,25,0,200
BRDA:130,25,1,16
BRDA:132,26,0,16
BRDA:132,26,1,2
BRDA:146,27,0,6
BRDA:146,27,1,210
BRDA:146,28,0,216
BRDA:146,28,1,8
BRDA:154,29,0,29
BRDA:154,29,1,7
BRDA:154,30,0,36
BRDA:154,30,1,7
BRDA:163,31,0,0
BRDA:163,31,1,6
BRDA:165,32,0,2
BRDA:165,32,1,4
BRDA:169,33,0,1
BRDA:169,33,1,7
BRDA:171,34,0,1
BRDA:171,34,1,6
BRDA:173,35,0,2
BRDA:173,35,1,4
BRDA:179,36,0,8
BRDA:179,36,1,6
BRDA:188,37,0,8
BRDA:188,37,1,4
BRDA:195,38,0,16
BRDA:195,38,1,14
BRDA:197,39,0,30
BRDA:197,39,1,6
BRDA:200,40,0,1
BRDA:200,40,1,7
BRF:83
BRH:81
end_of_record
TN:
SF:src\domain\rentabilite.ts
FN:30,calculerRentabiliteDetour
FN:87,sanitizeNombre
FN:91,arrondi
FNF:3
FNH:3
FNDA:8,calculerRentabiliteDetour
FNDA:40,sanitizeNombre
FNDA:19,arrondi
DA:33,8
DA:34,8
DA:35,8
DA:36,8
DA:37,8
DA:39,8
DA:40,8
DA:41,8
DA:44,8
DA:45,3
DA:58,5
DA:59,2
DA:69,3
DA:71,3
DA:73,8
DA:77,8
DA:88,40
DA:92,19
LF:18
LH:18
BRDA:44,0,0,3
BRDA:44,0,1,5
BRDA:52,1,0,1
BRDA:52,1,1,2
BRDA:58,2,0,2
BRDA:58,2,1,3
BRDA:71,3,0,3
BRDA:71,3,1,2
BRDA:73,4,0,1
BRDA:73,4,1,2
BRDA:88,5,0,39
BRDA:88,5,1,1
BRF:12
BRH:12
end_of_record
TN:
SF:src\domain\tri.ts
FN:4,annoterEtTrierStations
FN:10,(anonymous_1)
FN:21,comparerParDistance
FN:28,comparerParPrix
FN:29,(anonymous_4)
FN:40,prixPertinent
FN:42,(anonymous_6)
FN:46,(anonymous_7)
FN:50,trouverStationReference
FNF:9
FNH:9
FNDA:11,annoterEtTrierStations
FNDA:19,(anonymous_1)
FNDA:3,comparerParDistance
FNDA:8,comparerParPrix
FNDA:5,(anonymous_4)
FNDA:10,prixPertinent
FNDA:4,(anonymous_6)
FNDA:3,(anonymous_7)
FNDA:6,trouverStationReference
DA:10,19
DA:17,11
DA:18,11
DA:22,3
DA:23,3
DA:24,3
DA:25,2
DA:29,8
DA:30,5
DA:31,5
DA:32,5
DA:33,3
DA:34,3
DA:35,2
DA:41,10
DA:42,4
DA:43,4
DA:45,6
DA:46,3
DA:51,6
DA:52,6
DA:53,10
DA:54,2
DA:55,2
DA:58,6
LF:25
LH:25
BRDA:12,0,0,18
BRDA:12,0,1,1
BRDA:17,1,0,3
BRDA:17,1,1,8
BRDA:22,2,0,0
BRDA:22,2,1,3
BRDA:22,3,0,3
BRDA:22,3,1,0
BRDA:23,4,0,0
BRDA:23,4,1,3
BRDA:24,5,0,1
BRDA:24,5,1,2
BRDA:32,6,0,2
BRDA:32,6,1,3
BRDA:32,7,0,5
BRDA:32,7,1,2
BRDA:33,8,0,0
BRDA:33,8,1,3
BRDA:34,9,0,1
BRDA:34,9,1,2
BRDA:41,10,0,4
BRDA:41,10,1,6
BRDA:43,11,0,3
BRDA:43,11,1,1
BRDA:45,12,0,4
BRDA:45,12,1,2
BRDA:53,13,0,8
BRDA:53,13,1,2
BRDA:54,14,0,2
BRDA:54,14,1,0
BRDA:54,15,0,2
BRDA:54,15,1,1
BRDA:54,16,0,1
BRDA:54,16,1,0
BRF:34
BRH:28
end_of_record
TN:
SF:src\domain\types.ts
FNF:0
FNH:0
DA:4,7
DA:13,7
LF:2
LH:2
BRF:0
BRH:0
end_of_record
TN:
SF:src\hooks\useRecherche.ts
FN:33,useRecherche
FN:41,(anonymous_1)
FN:52,(anonymous_2)
FN:98,(anonymous_3)
FN:101,(anonymous_4)
FN:101,(anonymous_5)
FNF:6
FNH:6
FNDA:70,useRecherche
FNDA:19,(anonymous_1)
FNDA:10,(anonymous_2)
FNDA:10,(anonymous_3)
FNDA:1,(anonymous_4)
FNDA:1,(anonymous_5)
DA:10,3
DA:12,3
DA:13,3
DA:37,70
DA:38,70
DA:39,70
DA:41,70
DA:42,19
DA:44,19
DA:45,9
DA:46,9
DA:49,10
DA:50,10
DA:52,10
DA:53,10
DA:54,10
DA:55,8
DA:57,8
DA:58,1
DA:59,1
DA:62,7
DA:71,6
DA:73,5
DA:74,1
DA:76,4
DA:82,4
DA:90,3
DA:91,2
DA:98,10
DA:101,70
LF:30
LH:30
BRDA:35,0,0,70
BRDA:44,1,0,9
BRDA:44,1,1,10
BRDA:44,2,0,19
BRDA:44,2,1,12
BRDA:55,3,0,0
BRDA:55,3,1,8
BRDA:57,4,0,1
BRDA:57,4,1,7
BRDA:67,5,0,7
BRDA:67,5,1,7
BRDA:71,6,0,1
BRDA:71,6,1,5
BRDA:73,7,0,1
BRDA:73,7,1,4
BRDA:90,8,0,1
BRDA:90,8,1,2
BRDA:90,9,0,3
BRDA:90,9,1,2
BRDA:93,10,0,2
BRDA:93,10,1,0
BRF:21
BRH:19
end_of_record
TN:
SF:src\hooks\useValeurDifferee.ts
FN:8,useValeurDifferee
FN:11,(anonymous_1)
FN:12,(anonymous_2)
FN:13,(anonymous_3)
FNF:4
FNH:4
FNDA:70,useValeurDifferee
FNDA:31,(anonymous_1)
FNDA:13,(anonymous_2)
FNDA:31,(anonymous_3)
DA:9,70
DA:11,70
DA:12,31
DA:13,31
DA:16,70
LF:5
LH:5
BRF:0
BRH:0
end_of_record
TN:
SF:src\lib\dates.ts
FN:21,formaterHorodatage
FNF:1
FNH:1
FNDA:12,formaterHorodatage
DA:1,2
DA:6,2
DA:22,12
DA:24,9
DA:25,9
DA:27,8
DA:28,8
DA:29,8
DA:31,7
LF:9
LH:9
BRDA:22,0,0,3
BRDA:22,0,1,9
BRDA:25,1,0,1
BRDA:25,1,1,8
BRDA:29,2,0,1
BRDA:29,2,1,7
BRF:6
BRH:6
end_of_record
TN:
SF:src\pages\FicheStationPage.tsx
FN:15,FicheStationPage
FN:19,(anonymous_1)
FN:29,(anonymous_2)
FN:33,(anonymous_3)
FN:41,(anonymous_4)
FN:44,(anonymous_5)
FN:84,(anonymous_6)
FN:103,(anonymous_7)
FNF:8
FNH:6
FNDA:6,FicheStationPage
FNDA:2,(anonymous_1)
FNDA:2,(anonymous_2)
FNDA:0,(anonymous_3)
FNDA:2,(anonymous_4)
FNDA:6,(anonymous_5)
FNDA:2,(anonymous_6)
FNDA:0,(anonymous_7)
DA:16,6
DA:17,6
DA:19,6
DA:20,2
DA:21,0
DA:22,0
DA:25,2
DA:26,2
DA:28,2
DA:30,2
DA:31,2
DA:34,0
DA:35,0
DA:41,2
DA:44,6
DA:45,6
DA:51,6
DA:52,0
DA:55,6
DA:56,4
DA:63,2
DA:64,0
DA:71,2
DA:73,2
DA:85,2
DA:86,2
DA:104,0
LF:27
LH:20
BRDA:20,0,0,0
BRDA:20,0,1,2
BRDA:30,1,0,0
BRDA:30,1,1,2
BRDA:31,2,0,2
BRDA:31,2,1,0
BRDA:34,3,0,0
BRDA:34,3,1,0
BRDA:34,4,0,0
BRDA:34,4,1,0
BRDA:37,5,0,0
BRDA:37,5,1,0
BRDA:46,6,0,2
BRDA:46,6,1,4
BRDA:51,7,0,0
BRDA:51,7,1,6
BRDA:55,8,0,4
BRDA:55,8,1,2
BRDA:63,9,0,0
BRDA:63,9,1,2
BRDA:76,10,0,2
BRDA:76,10,1,0
BRDA:76,10,2,2
BRDA:93,11,0,2
BRDA:93,11,1,0
BRDA:101,12,0,0
BRDA:101,12,1,2
BRDA:106,13,0,0
BRDA:106,13,1,0
BRDA:108,14,0,0
BRDA:108,14,1,0
BRDA:108,15,0,0
BRDA:108,15,1,0
BRDA:118,16,0,6
BRDA:118,16,1,0
BRF:35
BRH:14
end_of_record
TN:
SF:src\pages\NotFoundPage.tsx
FN:4,NotFoundPage
FN:5,(anonymous_1)
FNF:2
FNH:0
FNDA:0,NotFoundPage
FNDA:0,(anonymous_1)
DA:5,0
DA:6,0
DA:9,0
LF:3
LH:0
BRF:0
BRH:0
end_of_record
TN:
SF:src\pages\RecherchePage.tsx
FN:20,RecherchePage
FN:29,(anonymous_1)
FN:38,(anonymous_2)
FN:42,mettreAJourCarburant
FN:52,mettreAJourTri
FN:62,mettreAJourProfilVehicule
FN:74,elargirRayon
FN:88,(anonymous_7)
FN:100,(anonymous_8)
FN:112,(anonymous_9)
FN:116,(anonymous_10)
FN:135,(anonymous_11)
FN:153,(anonymous_12)
FN:166,(anonymous_13)
FNF:14
FNH:7
FNDA:28,RecherchePage
FNDA:4,(anonymous_1)
FNDA:4,(anonymous_2)
FNDA:1,mettreAJourCarburant
FNDA:0,mettreAJourTri
FNDA:0,mettreAJourProfilVehicule
FNDA:0,elargirRayon
FNDA:0,(anonymous_7)
FNDA:15,(anonymous_8)
FNDA:1,(anonymous_9)
FNDA:168,(anonymous_10)
FNDA:0,(anonymous_11)
FNDA:0,(anonymous_12)
FNDA:0,(anonymous_13)
DA:18,2
DA:21,28
DA:22,28
DA:25,28
DA:27,28
DA:29,28
DA:30,4
DA:32,0
DA:33,0
DA:34,0
DA:38,28
DA:39,4
DA:43,1
DA:53,0
DA:63,0
DA:64,0
DA:75,0
DA:84,28
DA:88,0
DA:100,15
DA:112,1
DA:117,168
DA:136,0
DA:154,0
DA:166,0
LF:25
LH:14
BRDA:30,0,0,4
BRDA:30,0,1,0
BRDA:33,1,0,0
BRDA:33,1,1,0
BRDA:47,2,0,1
BRDA:47,2,1,0
BRDA:68,3,0,0
BRDA:68,3,1,0
BRDA:68,4,0,0
BRDA:68,4,1,0
BRDA:79,5,0,0
BRDA:79,5,1,0
BRDA:111,6,0,28
BRDA:111,6,1,25
BRDA:177,7,0,28
BRDA:177,7,1,28
BRDA:178,8,0,28
BRDA:178,8,1,0
BRDA:179,9,0,28
BRDA:179,9,1,0
BRDA:182,10,0,28
BRDA:182,10,1,0
BRDA:183,11,0,28
BRDA:183,11,1,0
BRF:24
BRH:10
end_of_record
TN:
SF:src\routes\rechercheParams.ts
FN:21,lireParametresRecherche
FN:48,ecrireParametresRecherche
FN:67,estTypeCarburantValide
FNF:3
FNH:3
FNDA:33,lireParametresRecherche
FNDA:4,ecrireParametresRecherche
FNDA:33,estTypeCarburantValide
DA:16,3
DA:17,3
DA:18,3
DA:19,3
DA:22,33
DA:24,33
DA:25,33
DA:27,33
DA:28,33
DA:30,33
DA:31,33
DA:33,33
DA:35,33
DA:39,33
DA:41,33
DA:45,33
DA:51,4
DA:52,4
DA:53,4
DA:54,4
DA:55,2
DA:57,4
DA:58,4
DA:59,2
DA:61,4
DA:62,2
DA:64,4
DA:68,33
LF:28
LH:28
BRDA:22,0,0,33
BRDA:22,0,1,27
BRDA:25,1,0,5
BRDA:25,1,1,28
BRDA:28,2,0,2
BRDA:28,2,1,31
BRDA:28,3,0,33
BRDA:28,3,1,33
BRDA:31,4,0,2
BRDA:31,4,1,31
BRDA:35,5,0,2
BRDA:35,5,1,31
BRDA:35,6,0,33
BRDA:35,6,1,33
BRDA:41,7,0,2
BRDA:41,7,1,31
BRDA:41,8,0,33
BRDA:41,8,1,33
BRDA:52,9,0,3
BRDA:52,9,1,1
BRDA:53,10,0,3
BRDA:53,10,1,1
BRDA:54,11,0,2
BRDA:54,11,1,2
BRDA:54,12,0,4
BRDA:54,12,1,4
BRDA:57,13,0,2
BRDA:57,13,1,2
BRDA:57,14,0,4
BRDA:57,14,1,4
BRDA:58,15,0,2
BRDA:58,15,1,2
BRDA:58,16,0,4
BRDA:58,16,1,4
BRDA:61,17,0,2
BRDA:61,17,1,2
BRDA:61,18,0,4
BRDA:61,18,1,4
BRDA:68,19,0,33
BRDA:68,19,1,6
BRF:40
BRH:40
end_of_record
